2024-05-15 09:01:58.161 [background-preinit] INFO  o.h.validator.internal.util.Version - HV000001: Hibernate Validator 8.0.1.Final
2024-05-15 09:01:58.247 [restartedMain] INFO  c.e.p.e.EscuelasProjectApplication - Starting EscuelasProjectApplication using Java 17.0.9 with PID 6420 (G:\Desktop\EscuelasProject\escuelas_project\target\classes started by Usuario in G:\Desktop\EscuelasProject\escuelas_project)
2024-05-15 09:01:58.249 [restartedMain] INFO  c.e.p.e.EscuelasProjectApplication - No active profile set, falling back to 1 default profile: "default"
2024-05-15 09:01:58.352 [restartedMain] INFO  o.s.b.d.e.DevToolsPropertyDefaultsPostProcessor - Devtools property defaults active! Set 'spring.devtools.add-properties' to 'false' to disable
2024-05-15 09:01:58.353 [restartedMain] INFO  o.s.b.d.e.DevToolsPropertyDefaultsPostProcessor - For additional web related logging consider setting the 'logging.level.web' property to 'DEBUG'
2024-05-15 09:02:00.588 [restartedMain] INFO  o.s.d.r.c.RepositoryConfigurationDelegate - Bootstrapping Spring Data JPA repositories in DEFAULT mode.
2024-05-15 09:02:00.655 [restartedMain] INFO  o.s.d.r.c.RepositoryConfigurationDelegate - Finished Spring Data repository scanning in 46 ms. Found 0 JPA repository interfaces.
2024-05-15 09:02:03.741 [restartedMain] INFO  o.s.b.w.e.tomcat.TomcatWebServer - Tomcat initialized with port 3000 (http)
2024-05-15 09:02:03.772 [restartedMain] INFO  o.a.coyote.http11.Http11NioProtocol - Initializing ProtocolHandler ["http-nio-3000"]
2024-05-15 09:02:03.780 [restartedMain] INFO  o.a.catalina.core.StandardService - Starting service [Tomcat]
2024-05-15 09:02:03.782 [restartedMain] INFO  o.a.catalina.core.StandardEngine - Starting Servlet engine: [Apache Tomcat/10.1.20]
2024-05-15 09:02:03.930 [restartedMain] INFO  o.a.c.c.C.[Tomcat].[localhost].[/] - Initializing Spring embedded WebApplicationContext
2024-05-15 09:02:03.933 [restartedMain] INFO  o.s.b.w.s.c.ServletWebServerApplicationContext - Root WebApplicationContext: initialization completed in 5576 ms
2024-05-15 09:02:04.386 [restartedMain] INFO  o.h.jpa.internal.util.LogHelper - HHH000204: Processing PersistenceUnitInfo [name: default]
2024-05-15 09:02:04.553 [restartedMain] INFO  org.hibernate.Version - HHH000412: Hibernate ORM core version 6.4.4.Final
2024-05-15 09:02:04.626 [restartedMain] INFO  o.h.c.i.RegionFactoryInitiator - HHH000026: Second-level cache disabled
2024-05-15 09:02:05.193 [restartedMain] INFO  o.s.o.j.p.SpringPersistenceUnitInfo - No LoadTimeWeaver setup: ignoring JPA class transformer
2024-05-15 09:02:05.268 [restartedMain] INFO  com.zaxxer.hikari.HikariDataSource - HikariPool-1 - Starting...
2024-05-15 09:02:05.907 [restartedMain] INFO  com.zaxxer.hikari.pool.HikariPool - HikariPool-1 - Added connection com.mysql.cj.jdbc.ConnectionImpl@28f8d0b0
2024-05-15 09:02:05.912 [restartedMain] INFO  com.zaxxer.hikari.HikariDataSource - HikariPool-1 - Start completed.
2024-05-15 09:02:08.724 [restartedMain] INFO  o.h.e.t.j.p.i.JtaPlatformInitiator - HHH000489: No JTA platform available (set 'hibernate.transaction.jta.platform' to enable JTA platform integration)
2024-05-15 09:02:08.915 [restartedMain] INFO  o.s.o.j.LocalContainerEntityManagerFactoryBean - Initialized JPA EntityManagerFactory for persistence unit 'default'
2024-05-15 09:02:09.013 [restartedMain] WARN  o.s.b.w.s.c.AnnotationConfigServletWebServerApplicationContext - Exception encountered during context initialization - cancelling refresh attempt: org.springframework.beans.factory.UnsatisfiedDependencyException: Error creating bean with name 'alumnoController' defined in file [G:\Desktop\EscuelasProject\escuelas_project\target\classes\com\escuelas\project\escuelas_project\controllers\v1\AlumnoController.class]: Unsatisfied dependency expressed through constructor parameter 0: Error creating bean with name 'alumnoServiceImp' defined in file [G:\Desktop\EscuelasProject\escuelas_project\target\classes\com\escuelas\project\escuelas_project\service\alumno\AlumnoServiceImp.class]: Unsatisfied dependency expressed through constructor parameter 0: No qualifying bean of type 'com.escuelas.project.escuelas_project.persistence.repository.AlumnoRepository' available: expected at least 1 bean which qualifies as autowire candidate. Dependency annotations: {}
2024-05-15 09:02:09.015 [restartedMain] INFO  o.s.o.j.LocalContainerEntityManagerFactoryBean - Closing JPA EntityManagerFactory for persistence unit 'default'
2024-05-15 09:02:09.023 [restartedMain] INFO  com.zaxxer.hikari.HikariDataSource - HikariPool-1 - Shutdown initiated...
2024-05-15 09:02:09.049 [restartedMain] INFO  com.zaxxer.hikari.HikariDataSource - HikariPool-1 - Shutdown completed.
2024-05-15 09:02:09.053 [restartedMain] INFO  o.a.catalina.core.StandardService - Stopping service [Tomcat]
2024-05-15 09:02:09.084 [restartedMain] INFO  o.s.b.a.l.ConditionEvaluationReportLogger - 

Error starting ApplicationContext. To display the condition evaluation report re-run your application with 'debug' enabled.
2024-05-15 09:02:09.157 [restartedMain] ERROR o.s.b.d.LoggingFailureAnalysisReporter - 

***************************
APPLICATION FAILED TO START
***************************

Description:

Parameter 0 of constructor in com.escuelas.project.escuelas_project.service.alumno.AlumnoServiceImp required a bean of type 'com.escuelas.project.escuelas_project.persistence.repository.AlumnoRepository' that could not be found.


Action:

Consider defining a bean of type 'com.escuelas.project.escuelas_project.persistence.repository.AlumnoRepository' in your configuration.

2024-05-15 09:03:20.317 [background-preinit] INFO  o.h.validator.internal.util.Version - HV000001: Hibernate Validator 8.0.1.Final
2024-05-15 09:03:20.362 [restartedMain] INFO  c.e.p.e.EscuelasProjectApplication - Starting EscuelasProjectApplication using Java 17.0.9 with PID 6496 (G:\Desktop\EscuelasProject\escuelas_project\target\classes started by Usuario in G:\Desktop\EscuelasProject\escuelas_project)
2024-05-15 09:03:20.363 [restartedMain] INFO  c.e.p.e.EscuelasProjectApplication - No active profile set, falling back to 1 default profile: "default"
2024-05-15 09:03:20.430 [restartedMain] INFO  o.s.b.d.e.DevToolsPropertyDefaultsPostProcessor - Devtools property defaults active! Set 'spring.devtools.add-properties' to 'false' to disable
2024-05-15 09:03:20.431 [restartedMain] INFO  o.s.b.d.e.DevToolsPropertyDefaultsPostProcessor - For additional web related logging consider setting the 'logging.level.web' property to 'DEBUG'
2024-05-15 09:03:21.636 [restartedMain] INFO  o.s.d.r.c.RepositoryConfigurationDelegate - Bootstrapping Spring Data JPA repositories in DEFAULT mode.
2024-05-15 09:03:21.741 [restartedMain] INFO  o.s.d.r.c.RepositoryConfigurationDelegate - Finished Spring Data repository scanning in 94 ms. Found 5 JPA repository interfaces.
2024-05-15 09:03:23.003 [restartedMain] INFO  o.s.b.w.e.tomcat.TomcatWebServer - Tomcat initialized with port 3000 (http)
2024-05-15 09:03:23.018 [restartedMain] INFO  o.a.coyote.http11.Http11NioProtocol - Initializing ProtocolHandler ["http-nio-3000"]
2024-05-15 09:03:23.023 [restartedMain] INFO  o.a.catalina.core.StandardService - Starting service [Tomcat]
2024-05-15 09:03:23.025 [restartedMain] INFO  o.a.catalina.core.StandardEngine - Starting Servlet engine: [Apache Tomcat/10.1.20]
2024-05-15 09:03:23.118 [restartedMain] INFO  o.a.c.c.C.[Tomcat].[localhost].[/] - Initializing Spring embedded WebApplicationContext
2024-05-15 09:03:23.120 [restartedMain] INFO  o.s.b.w.s.c.ServletWebServerApplicationContext - Root WebApplicationContext: initialization completed in 2686 ms
2024-05-15 09:03:23.438 [restartedMain] INFO  o.h.jpa.internal.util.LogHelper - HHH000204: Processing PersistenceUnitInfo [name: default]
2024-05-15 09:03:23.528 [restartedMain] INFO  org.hibernate.Version - HHH000412: Hibernate ORM core version 6.4.4.Final
2024-05-15 09:03:23.580 [restartedMain] INFO  o.h.c.i.RegionFactoryInitiator - HHH000026: Second-level cache disabled
2024-05-15 09:03:23.868 [restartedMain] INFO  o.s.o.j.p.SpringPersistenceUnitInfo - No LoadTimeWeaver setup: ignoring JPA class transformer
2024-05-15 09:03:23.902 [restartedMain] INFO  com.zaxxer.hikari.HikariDataSource - HikariPool-1 - Starting...
2024-05-15 09:03:24.205 [restartedMain] INFO  com.zaxxer.hikari.pool.HikariPool - HikariPool-1 - Added connection com.mysql.cj.jdbc.ConnectionImpl@2f8b9237
2024-05-15 09:03:24.209 [restartedMain] INFO  com.zaxxer.hikari.HikariDataSource - HikariPool-1 - Start completed.
2024-05-15 09:03:25.285 [restartedMain] INFO  o.h.e.t.j.p.i.JtaPlatformInitiator - HHH000489: No JTA platform available (set 'hibernate.transaction.jta.platform' to enable JTA platform integration)
2024-05-15 09:03:25.385 [restartedMain] INFO  o.s.o.j.LocalContainerEntityManagerFactoryBean - Initialized JPA EntityManagerFactory for persistence unit 'default'
2024-05-15 09:03:26.112 [restartedMain] INFO  o.s.d.j.r.query.QueryEnhancerFactory - Hibernate is in classpath; If applicable, HQL parser will be used.
2024-05-15 09:03:28.499 [restartedMain] INFO  o.s.b.d.a.OptionalLiveReloadServer - LiveReload server is running on port 35729
2024-05-15 09:03:28.553 [restartedMain] INFO  o.a.coyote.http11.Http11NioProtocol - Starting ProtocolHandler ["http-nio-3000"]
2024-05-15 09:03:28.586 [restartedMain] INFO  o.s.b.w.e.tomcat.TomcatWebServer - Tomcat started on port 3000 (http) with context path ''
2024-05-15 09:03:28.600 [restartedMain] INFO  c.e.p.e.EscuelasProjectApplication - Started EscuelasProjectApplication in 8.811 seconds (process running for 9.339)
2024-05-15 09:03:37.349 [http-nio-3000-exec-2] INFO  o.a.c.c.C.[Tomcat].[localhost].[/] - Initializing Spring DispatcherServlet 'dispatcherServlet'
2024-05-15 09:03:37.350 [http-nio-3000-exec-2] INFO  o.s.web.servlet.DispatcherServlet - Initializing Servlet 'dispatcherServlet'
2024-05-15 09:03:37.352 [http-nio-3000-exec-2] INFO  o.s.web.servlet.DispatcherServlet - Completed initialization in 2 ms
2024-05-15 09:03:37.431 [http-nio-3000-exec-2] INFO  c.e.p.e.aop.HttpRequestAspect - Método: EscuelaController.enable(..), URL: http://localhost:3000/api/v1/escuelas/enable/3, IP: 0:0:0:0:0:0:0:1, Parámetros: org.apache.catalina.util.ParameterMap@19177a8b
2024-05-15 09:03:37.554 [http-nio-3000-exec-2] ERROR c.e.p.e.aop.ExceptionHandlerAOP - Exception in method: entityDisabledException, Arguments: [com.escuelas.project.escuelas_project.service.models.exceptions.EntityDisabledException: La escuela ya estaba habilitada]
2024-05-15 09:03:37.574 [http-nio-3000-exec-2] INFO  c.e.p.e.aop.ExceptionHandlerAOP - Método: GlobalExceptionHandler.entityDisabledException(..), Respuesta: <400 BAD_REQUEST Bad Request,ResponseMessage[message=Ocurrio un error al realizar la operacion ya que una entidad se encuentra deshabilitada: La escuela ya estaba habilitada, errorCode=2],[]>
2024-05-15 09:03:48.672 [http-nio-3000-exec-5] ERROR c.e.p.e.aop.ExceptionHandlerAOP - Exception in method: validationError, Arguments: [org.springframework.http.converter.HttpMessageNotReadableException: Required request body is missing: public org.springframework.http.ResponseEntity<com.escuelas.project.escuelas_project.service.models.dtos.escuela.EscuelaResponseDto> com.escuelas.project.escuelas_project.controllers.v1.EscuelaController.update(com.escuelas.project.escuelas_project.service.models.dtos.escuela.EscuelaDtoUpdate,java.lang.Long) throws com.escuelas.project.escuelas_project.service.models.exceptions.escuelaExceptions.EscuelaNoExistenteException,com.escuelas.project.escuelas_project.service.models.exceptions.EntityDisabledException]
2024-05-15 09:03:48.673 [http-nio-3000-exec-5] INFO  c.e.p.e.aop.ExceptionHandlerAOP - Método: GlobalExceptionHandler.validationError(..), Respuesta: <400 BAD_REQUEST Bad Request,ResponseMessage[message=El body debe estar en formato JSON, errorCode=1],[]>
2024-05-15 09:03:54.417 [http-nio-3000-exec-7] INFO  c.e.p.e.aop.HttpRequestAspect - Método: EscuelaController.update(..), URL: http://localhost:3000/api/v1/escuelas/update/2, IP: 0:0:0:0:0:0:0:1, Parámetros: org.apache.catalina.util.ParameterMap@27fcbaf6
2024-05-15 09:03:54.420 [http-nio-3000-exec-7] INFO  c.e.p.e.aop.HttpRequestAspect - Método: EscuelaController.update(..), Respuesta: <200 OK OK,EscuelaResponseDto[id=2, nombre=TEC 1],[]>
2024-05-15 09:03:59.256 [http-nio-3000-exec-8] ERROR c.e.p.e.aop.ExceptionHandlerAOP - Exception in method: validationError, Arguments: [org.springframework.web.method.annotation.MethodArgumentTypeMismatchException: Failed to convert value of type 'java.lang.String' to required type 'java.lang.Long'; For input string: "err"]
2024-05-15 09:03:59.257 [http-nio-3000-exec-8] INFO  c.e.p.e.aop.ExceptionHandlerAOP - Método: GlobalExceptionHandler.validationError(..), Respuesta: <400 BAD_REQUEST Bad Request,ResponseMessage[message=El dato enviado por url es invalido, por favor revise la documentacion y los tipos de datos permitdos, errorCode=5],[]>
2024-05-15 09:04:16.751 [http-nio-3000-exec-9] INFO  c.e.p.e.aop.HttpRequestAspect - Método: EscuelaController.update(..), URL: http://localhost:3000/api/v1/escuelas/update/2213123, IP: 0:0:0:0:0:0:0:1, Parámetros: org.apache.catalina.util.ParameterMap@4c23f74e
2024-05-15 09:04:16.754 [http-nio-3000-exec-9] ERROR c.e.p.e.aop.ExceptionHandlerAOP - Exception in method: escuelaNoExistenteException, Arguments: [com.escuelas.project.escuelas_project.service.models.exceptions.escuelaExceptions.EscuelaNoExistenteException: La escuela no existe en la base de datos]
2024-05-15 09:04:16.755 [http-nio-3000-exec-9] INFO  c.e.p.e.aop.ExceptionHandlerAOP - Método: GlobalExceptionHandler.escuelaNoExistenteException(..), Respuesta: <404 NOT_FOUND Not Found,ResponseMessage[message=La escuela no fue encontrada en la base de datos, errorCode=3],[]>
2024-05-15 09:04:21.824 [http-nio-3000-exec-10] ERROR c.e.p.e.aop.ExceptionHandlerAOP - Exception in method: validationError, Arguments: [org.springframework.web.method.annotation.MethodArgumentTypeMismatchException: Failed to convert value of type 'java.lang.String' to required type 'java.lang.Long'; For input string: "asdasd"]
2024-05-15 09:04:21.825 [http-nio-3000-exec-10] INFO  c.e.p.e.aop.ExceptionHandlerAOP - Método: GlobalExceptionHandler.validationError(..), Respuesta: <400 BAD_REQUEST Bad Request,ResponseMessage[message=El dato enviado por url es invalido, por favor revise la documentacion y los tipos de datos permitdos, errorCode=5],[]>
2024-05-15 09:04:29.133 [http-nio-3000-exec-2] ERROR c.e.p.e.aop.ExceptionHandlerAOP - Exception in method: validationError, Arguments: [org.springframework.web.method.annotation.MethodArgumentTypeMismatchException: Failed to convert value of type 'java.lang.String' to required type 'java.lang.Long'; For input string: "elpepe"]
2024-05-15 09:04:29.134 [http-nio-3000-exec-2] INFO  c.e.p.e.aop.ExceptionHandlerAOP - Método: GlobalExceptionHandler.validationError(..), Respuesta: <400 BAD_REQUEST Bad Request,ResponseMessage[message=El dato enviado por url es invalido, por favor revise la documentacion y los tipos de datos permitdos, errorCode=5],[]>
2024-05-15 09:04:33.008 [http-nio-3000-exec-5] WARN  o.s.web.servlet.PageNotFound - No mapping for PUT /api/v1/escuelas/update/
2024-05-15 09:04:33.011 [http-nio-3000-exec-5] ERROR c.e.p.e.aop.ExceptionHandlerAOP - Exception in method: validationErrorRutaNoMapeada, Arguments: [org.springframework.web.servlet.NoHandlerFoundException: No endpoint PUT /api/v1/escuelas/update/.]
2024-05-15 09:04:33.012 [http-nio-3000-exec-5] INFO  c.e.p.e.aop.ExceptionHandlerAOP - Método: GlobalExceptionHandler.validationErrorRutaNoMapeada(..), Respuesta: <404 NOT_FOUND Not Found,ResponseMessage[message=La ruta o endpoint que desea acceder no existe, errorCode=6],[]>
2024-05-15 09:04:39.914 [http-nio-3000-exec-3] WARN  o.s.web.servlet.PageNotFound - No mapping for PUT /api/v1/escuelas/update/
2024-05-15 09:04:39.915 [http-nio-3000-exec-3] ERROR c.e.p.e.aop.ExceptionHandlerAOP - Exception in method: validationErrorRutaNoMapeada, Arguments: [org.springframework.web.servlet.NoHandlerFoundException: No endpoint PUT /api/v1/escuelas/update/.]
2024-05-15 09:04:39.915 [http-nio-3000-exec-3] INFO  c.e.p.e.aop.ExceptionHandlerAOP - Método: GlobalExceptionHandler.validationErrorRutaNoMapeada(..), Respuesta: <404 NOT_FOUND Not Found,ResponseMessage[message=La ruta o endpoint que desea acceder no existe, errorCode=6],[]>
2024-05-15 09:04:43.534 [http-nio-3000-exec-7] ERROR c.e.p.e.aop.ExceptionHandlerAOP - Exception in method: validationError, Arguments: [org.springframework.http.converter.HttpMessageNotReadableException: JSON parse error: Cannot coerce empty String ("") to `com.escuelas.project.escuelas_project.service.models.dtos.escuela.EscuelaDtoUpdate` value (but could if coercion was enabled using `CoercionConfig`)]
2024-05-15 09:04:43.536 [http-nio-3000-exec-7] INFO  c.e.p.e.aop.ExceptionHandlerAOP - Método: GlobalExceptionHandler.validationError(..), Respuesta: <400 BAD_REQUEST Bad Request,ResponseMessage[message=El body debe estar en formato JSON, errorCode=1],[]>
2024-05-15 09:05:58.894 [background-preinit] INFO  o.h.validator.internal.util.Version - HV000001: Hibernate Validator 8.0.1.Final
2024-05-15 09:05:58.953 [restartedMain] INFO  c.e.p.e.EscuelasProjectApplication - Starting EscuelasProjectApplication using Java 17.0.9 with PID 8492 (G:\Desktop\EscuelasProject\escuelas_project\target\classes started by Usuario in G:\Desktop\EscuelasProject\escuelas_project)
2024-05-15 09:05:58.955 [restartedMain] INFO  c.e.p.e.EscuelasProjectApplication - No active profile set, falling back to 1 default profile: "default"
2024-05-15 09:05:59.011 [restartedMain] INFO  o.s.b.d.e.DevToolsPropertyDefaultsPostProcessor - Devtools property defaults active! Set 'spring.devtools.add-properties' to 'false' to disable
2024-05-15 09:05:59.012 [restartedMain] INFO  o.s.b.d.e.DevToolsPropertyDefaultsPostProcessor - For additional web related logging consider setting the 'logging.level.web' property to 'DEBUG'
2024-05-15 09:06:00.386 [restartedMain] INFO  o.s.d.r.c.RepositoryConfigurationDelegate - Bootstrapping Spring Data JPA repositories in DEFAULT mode.
2024-05-15 09:06:00.485 [restartedMain] INFO  o.s.d.r.c.RepositoryConfigurationDelegate - Finished Spring Data repository scanning in 88 ms. Found 5 JPA repository interfaces.
2024-05-15 09:06:02.193 [restartedMain] INFO  o.s.b.w.e.tomcat.TomcatWebServer - Tomcat initialized with port 3000 (http)
2024-05-15 09:06:02.210 [restartedMain] INFO  o.a.coyote.http11.Http11NioProtocol - Initializing ProtocolHandler ["http-nio-3000"]
2024-05-15 09:06:02.215 [restartedMain] INFO  o.a.catalina.core.StandardService - Starting service [Tomcat]
2024-05-15 09:06:02.216 [restartedMain] INFO  o.a.catalina.core.StandardEngine - Starting Servlet engine: [Apache Tomcat/10.1.20]
2024-05-15 09:06:02.352 [restartedMain] INFO  o.a.c.c.C.[Tomcat].[localhost].[/] - Initializing Spring embedded WebApplicationContext
2024-05-15 09:06:02.356 [restartedMain] INFO  o.s.b.w.s.c.ServletWebServerApplicationContext - Root WebApplicationContext: initialization completed in 3340 ms
2024-05-15 09:06:02.840 [restartedMain] INFO  o.h.jpa.internal.util.LogHelper - HHH000204: Processing PersistenceUnitInfo [name: default]
2024-05-15 09:06:02.963 [restartedMain] INFO  org.hibernate.Version - HHH000412: Hibernate ORM core version 6.4.4.Final
2024-05-15 09:06:03.042 [restartedMain] INFO  o.h.c.i.RegionFactoryInitiator - HHH000026: Second-level cache disabled
2024-05-15 09:06:03.460 [restartedMain] INFO  o.s.o.j.p.SpringPersistenceUnitInfo - No LoadTimeWeaver setup: ignoring JPA class transformer
2024-05-15 09:06:03.509 [restartedMain] INFO  com.zaxxer.hikari.HikariDataSource - HikariPool-1 - Starting...
2024-05-15 09:06:04.024 [restartedMain] INFO  com.zaxxer.hikari.pool.HikariPool - HikariPool-1 - Added connection com.mysql.cj.jdbc.ConnectionImpl@3364f57a
2024-05-15 09:06:04.028 [restartedMain] INFO  com.zaxxer.hikari.HikariDataSource - HikariPool-1 - Start completed.
2024-05-15 09:06:05.688 [restartedMain] INFO  o.h.e.t.j.p.i.JtaPlatformInitiator - HHH000489: No JTA platform available (set 'hibernate.transaction.jta.platform' to enable JTA platform integration)
2024-05-15 09:06:05.810 [restartedMain] INFO  o.s.o.j.LocalContainerEntityManagerFactoryBean - Initialized JPA EntityManagerFactory for persistence unit 'default'
2024-05-15 09:06:06.885 [restartedMain] INFO  o.s.d.j.r.query.QueryEnhancerFactory - Hibernate is in classpath; If applicable, HQL parser will be used.
2024-05-15 09:06:09.956 [restartedMain] INFO  o.s.b.d.a.OptionalLiveReloadServer - LiveReload server is running on port 35729
2024-05-15 09:06:10.062 [restartedMain] INFO  o.a.coyote.http11.Http11NioProtocol - Starting ProtocolHandler ["http-nio-3000"]
2024-05-15 09:06:10.145 [restartedMain] INFO  o.s.b.w.e.tomcat.TomcatWebServer - Tomcat started on port 3000 (http) with context path ''
2024-05-15 09:06:10.182 [restartedMain] INFO  c.e.p.e.EscuelasProjectApplication - Started EscuelasProjectApplication in 11.821 seconds (process running for 12.404)
2024-05-15 09:06:44.906 [http-nio-3000-exec-2] INFO  o.a.c.c.C.[Tomcat].[localhost].[/] - Initializing Spring DispatcherServlet 'dispatcherServlet'
2024-05-15 09:06:44.907 [http-nio-3000-exec-2] INFO  o.s.web.servlet.DispatcherServlet - Initializing Servlet 'dispatcherServlet'
2024-05-15 09:06:44.909 [http-nio-3000-exec-2] INFO  o.s.web.servlet.DispatcherServlet - Completed initialization in 1 ms
2024-05-15 09:06:45.018 [http-nio-3000-exec-2] ERROR c.e.p.e.aop.ExceptionHandlerAOP - Exception in method: validationError, Arguments: [org.springframework.http.converter.HttpMessageNotReadableException: Required request body is missing: public org.springframework.http.ResponseEntity<com.escuelas.project.escuelas_project.service.models.dtos.escuela.EscuelaResponseDto> com.escuelas.project.escuelas_project.controllers.v1.EscuelaController.update(com.escuelas.project.escuelas_project.service.models.dtos.escuela.EscuelaDtoUpdate,java.lang.Long) throws com.escuelas.project.escuelas_project.service.models.exceptions.escuelaExceptions.EscuelaNoExistenteException,com.escuelas.project.escuelas_project.service.models.exceptions.EntityDisabledException]
2024-05-15 09:06:45.024 [http-nio-3000-exec-2] INFO  c.e.p.e.aop.ExceptionHandlerAOP - Método: GlobalExceptionHandler.validationError(..), Respuesta: <400 BAD_REQUEST Bad Request,ResponseMessage[message=El body debe estar en formato JSON, errorCode=1],[]>
2024-05-15 09:07:27.778 [File Watcher] INFO  o.s.b.d.a.LocalDevToolsAutoConfiguration$RestartingClassPathChangeChangedEventListener - Restarting due to 1 class path change (0 additions, 0 deletions, 1 modification)
2024-05-15 09:07:27.784 [Thread-5] INFO  o.a.coyote.http11.Http11NioProtocol - Stopping ProtocolHandler ["http-nio-3000"]
2024-05-15 09:07:27.797 [Thread-5] INFO  o.s.o.j.LocalContainerEntityManagerFactoryBean - Closing JPA EntityManagerFactory for persistence unit 'default'
2024-05-15 09:07:27.802 [Thread-5] INFO  com.zaxxer.hikari.HikariDataSource - HikariPool-1 - Shutdown initiated...
2024-05-15 09:07:27.815 [Thread-5] INFO  com.zaxxer.hikari.HikariDataSource - HikariPool-1 - Shutdown completed.
2024-05-15 09:07:27.928 [restartedMain] INFO  c.e.p.e.EscuelasProjectApplication - Starting EscuelasProjectApplication using Java 17.0.9 with PID 8492 (G:\Desktop\EscuelasProject\escuelas_project\target\classes started by Usuario in G:\Desktop\EscuelasProject\escuelas_project)
2024-05-15 09:07:27.929 [restartedMain] INFO  c.e.p.e.EscuelasProjectApplication - No active profile set, falling back to 1 default profile: "default"
2024-05-15 09:07:28.303 [restartedMain] INFO  o.s.d.r.c.RepositoryConfigurationDelegate - Bootstrapping Spring Data JPA repositories in DEFAULT mode.
2024-05-15 09:07:28.337 [restartedMain] INFO  o.s.d.r.c.RepositoryConfigurationDelegate - Finished Spring Data repository scanning in 31 ms. Found 5 JPA repository interfaces.
2024-05-15 09:07:28.570 [restartedMain] INFO  o.s.b.w.e.tomcat.TomcatWebServer - Tomcat initialized with port 3000 (http)
2024-05-15 09:07:28.572 [restartedMain] INFO  o.a.coyote.http11.Http11NioProtocol - Initializing ProtocolHandler ["http-nio-3000"]
2024-05-15 09:07:28.573 [restartedMain] INFO  o.a.catalina.core.StandardService - Starting service [Tomcat]
2024-05-15 09:07:28.574 [restartedMain] INFO  o.a.catalina.core.StandardEngine - Starting Servlet engine: [Apache Tomcat/10.1.20]
2024-05-15 09:07:28.621 [restartedMain] INFO  o.a.c.c.C.[Tomcat].[localhost].[/] - Initializing Spring embedded WebApplicationContext
2024-05-15 09:07:28.623 [restartedMain] INFO  o.s.b.w.s.c.ServletWebServerApplicationContext - Root WebApplicationContext: initialization completed in 690 ms
2024-05-15 09:07:28.752 [restartedMain] INFO  o.h.jpa.internal.util.LogHelper - HHH000204: Processing PersistenceUnitInfo [name: default]
2024-05-15 09:07:28.757 [restartedMain] INFO  o.h.c.i.RegionFactoryInitiator - HHH000026: Second-level cache disabled
2024-05-15 09:07:28.763 [restartedMain] INFO  o.s.o.j.p.SpringPersistenceUnitInfo - No LoadTimeWeaver setup: ignoring JPA class transformer
2024-05-15 09:07:28.766 [restartedMain] INFO  com.zaxxer.hikari.HikariDataSource - HikariPool-2 - Starting...
2024-05-15 09:07:28.788 [restartedMain] INFO  com.zaxxer.hikari.pool.HikariPool - HikariPool-2 - Added connection com.mysql.cj.jdbc.ConnectionImpl@194fb72d
2024-05-15 09:07:28.789 [restartedMain] INFO  com.zaxxer.hikari.HikariDataSource - HikariPool-2 - Start completed.
2024-05-15 09:07:28.996 [restartedMain] INFO  o.h.e.t.j.p.i.JtaPlatformInitiator - HHH000489: No JTA platform available (set 'hibernate.transaction.jta.platform' to enable JTA platform integration)
2024-05-15 09:07:29.063 [restartedMain] INFO  o.s.o.j.LocalContainerEntityManagerFactoryBean - Initialized JPA EntityManagerFactory for persistence unit 'default'
2024-05-15 09:07:30.454 [restartedMain] INFO  o.s.b.d.a.OptionalLiveReloadServer - LiveReload server is running on port 35729
2024-05-15 09:07:30.500 [restartedMain] INFO  o.a.coyote.http11.Http11NioProtocol - Starting ProtocolHandler ["http-nio-3000"]
2024-05-15 09:07:30.507 [restartedMain] INFO  o.s.b.w.e.tomcat.TomcatWebServer - Tomcat started on port 3000 (http) with context path ''
2024-05-15 09:07:30.516 [restartedMain] INFO  c.e.p.e.EscuelasProjectApplication - Started EscuelasProjectApplication in 2.632 seconds (process running for 92.738)
2024-05-15 09:07:30.521 [restartedMain] INFO  o.s.b.d.a.ConditionEvaluationDeltaLoggingListener - Condition evaluation unchanged
2024-05-15 09:07:33.920 [File Watcher] INFO  o.s.b.d.a.LocalDevToolsAutoConfiguration$RestartingClassPathChangeChangedEventListener - Restarting due to 1 class path change (0 additions, 0 deletions, 1 modification)
2024-05-15 09:07:33.921 [Thread-7] INFO  o.a.coyote.http11.Http11NioProtocol - Stopping ProtocolHandler ["http-nio-3000"]
2024-05-15 09:07:33.930 [Thread-7] INFO  o.s.o.j.LocalContainerEntityManagerFactoryBean - Closing JPA EntityManagerFactory for persistence unit 'default'
2024-05-15 09:07:33.932 [Thread-7] INFO  com.zaxxer.hikari.HikariDataSource - HikariPool-2 - Shutdown initiated...
2024-05-15 09:07:33.939 [Thread-7] INFO  com.zaxxer.hikari.HikariDataSource - HikariPool-2 - Shutdown completed.
2024-05-15 09:07:34.010 [restartedMain] INFO  c.e.p.e.EscuelasProjectApplication - Starting EscuelasProjectApplication using Java 17.0.9 with PID 8492 (G:\Desktop\EscuelasProject\escuelas_project\target\classes started by Usuario in G:\Desktop\EscuelasProject\escuelas_project)
2024-05-15 09:07:34.011 [restartedMain] INFO  c.e.p.e.EscuelasProjectApplication - No active profile set, falling back to 1 default profile: "default"
2024-05-15 09:07:34.349 [restartedMain] INFO  o.s.d.r.c.RepositoryConfigurationDelegate - Bootstrapping Spring Data JPA repositories in DEFAULT mode.
2024-05-15 09:07:34.380 [restartedMain] INFO  o.s.d.r.c.RepositoryConfigurationDelegate - Finished Spring Data repository scanning in 30 ms. Found 5 JPA repository interfaces.
2024-05-15 09:07:34.607 [restartedMain] INFO  o.s.b.w.e.tomcat.TomcatWebServer - Tomcat initialized with port 3000 (http)
2024-05-15 09:07:34.621 [restartedMain] INFO  o.a.coyote.http11.Http11NioProtocol - Initializing ProtocolHandler ["http-nio-3000"]
2024-05-15 09:07:34.624 [restartedMain] INFO  o.a.catalina.core.StandardService - Starting service [Tomcat]
2024-05-15 09:07:34.630 [restartedMain] INFO  o.a.catalina.core.StandardEngine - Starting Servlet engine: [Apache Tomcat/10.1.20]
2024-05-15 09:07:34.711 [restartedMain] INFO  o.a.c.c.C.[Tomcat].[localhost].[/] - Initializing Spring embedded WebApplicationContext
2024-05-15 09:07:34.713 [restartedMain] INFO  o.s.b.w.s.c.ServletWebServerApplicationContext - Root WebApplicationContext: initialization completed in 699 ms
2024-05-15 09:07:34.804 [restartedMain] INFO  o.h.jpa.internal.util.LogHelper - HHH000204: Processing PersistenceUnitInfo [name: default]
2024-05-15 09:07:34.807 [restartedMain] INFO  o.h.c.i.RegionFactoryInitiator - HHH000026: Second-level cache disabled
2024-05-15 09:07:34.812 [restartedMain] INFO  o.s.o.j.p.SpringPersistenceUnitInfo - No LoadTimeWeaver setup: ignoring JPA class transformer
2024-05-15 09:07:34.814 [restartedMain] INFO  com.zaxxer.hikari.HikariDataSource - HikariPool-3 - Starting...
2024-05-15 09:07:34.834 [restartedMain] INFO  com.zaxxer.hikari.pool.HikariPool - HikariPool-3 - Added connection com.mysql.cj.jdbc.ConnectionImpl@2f31b092
2024-05-15 09:07:34.835 [restartedMain] INFO  com.zaxxer.hikari.HikariDataSource - HikariPool-3 - Start completed.
2024-05-15 09:07:35.009 [restartedMain] INFO  o.h.e.t.j.p.i.JtaPlatformInitiator - HHH000489: No JTA platform available (set 'hibernate.transaction.jta.platform' to enable JTA platform integration)
2024-05-15 09:07:35.105 [restartedMain] INFO  o.s.o.j.LocalContainerEntityManagerFactoryBean - Initialized JPA EntityManagerFactory for persistence unit 'default'
2024-05-15 09:07:36.345 [restartedMain] INFO  o.s.b.d.a.OptionalLiveReloadServer - LiveReload server is running on port 35729
2024-05-15 09:07:36.372 [restartedMain] INFO  o.a.coyote.http11.Http11NioProtocol - Starting ProtocolHandler ["http-nio-3000"]
2024-05-15 09:07:36.376 [restartedMain] INFO  o.s.b.w.e.tomcat.TomcatWebServer - Tomcat started on port 3000 (http) with context path ''
2024-05-15 09:07:36.380 [restartedMain] INFO  c.e.p.e.EscuelasProjectApplication - Started EscuelasProjectApplication in 2.398 seconds (process running for 98.602)
2024-05-15 09:07:36.382 [restartedMain] INFO  o.s.b.d.a.ConditionEvaluationDeltaLoggingListener - Condition evaluation unchanged
2024-05-15 09:07:37.780 [File Watcher] INFO  o.s.b.d.a.LocalDevToolsAutoConfiguration$RestartingClassPathChangeChangedEventListener - Restarting due to 1 class path change (0 additions, 0 deletions, 1 modification)
2024-05-15 09:07:37.782 [Thread-11] INFO  o.a.coyote.http11.Http11NioProtocol - Stopping ProtocolHandler ["http-nio-3000"]
2024-05-15 09:07:37.789 [Thread-11] INFO  o.s.o.j.LocalContainerEntityManagerFactoryBean - Closing JPA EntityManagerFactory for persistence unit 'default'
2024-05-15 09:07:37.790 [Thread-11] INFO  com.zaxxer.hikari.HikariDataSource - HikariPool-3 - Shutdown initiated...
2024-05-15 09:07:37.795 [Thread-11] INFO  com.zaxxer.hikari.HikariDataSource - HikariPool-3 - Shutdown completed.
2024-05-15 09:07:37.863 [restartedMain] INFO  c.e.p.e.EscuelasProjectApplication - Starting EscuelasProjectApplication using Java 17.0.9 with PID 8492 (G:\Desktop\EscuelasProject\escuelas_project\target\classes started by Usuario in G:\Desktop\EscuelasProject\escuelas_project)
2024-05-15 09:07:37.864 [restartedMain] INFO  c.e.p.e.EscuelasProjectApplication - No active profile set, falling back to 1 default profile: "default"
2024-05-15 09:07:38.307 [restartedMain] INFO  o.s.d.r.c.RepositoryConfigurationDelegate - Bootstrapping Spring Data JPA repositories in DEFAULT mode.
2024-05-15 09:07:38.350 [restartedMain] INFO  o.s.d.r.c.RepositoryConfigurationDelegate - Finished Spring Data repository scanning in 42 ms. Found 5 JPA repository interfaces.
2024-05-15 09:07:38.609 [restartedMain] INFO  o.s.b.w.e.tomcat.TomcatWebServer - Tomcat initialized with port 3000 (http)
2024-05-15 09:07:38.610 [restartedMain] INFO  o.a.coyote.http11.Http11NioProtocol - Initializing ProtocolHandler ["http-nio-3000"]
2024-05-15 09:07:38.611 [restartedMain] INFO  o.a.catalina.core.StandardService - Starting service [Tomcat]
2024-05-15 09:07:38.612 [restartedMain] INFO  o.a.catalina.core.StandardEngine - Starting Servlet engine: [Apache Tomcat/10.1.20]
2024-05-15 09:07:38.645 [restartedMain] INFO  o.a.c.c.C.[Tomcat].[localhost].[/] - Initializing Spring embedded WebApplicationContext
2024-05-15 09:07:38.646 [restartedMain] INFO  o.s.b.w.s.c.ServletWebServerApplicationContext - Root WebApplicationContext: initialization completed in 778 ms
2024-05-15 09:07:38.705 [restartedMain] INFO  o.h.jpa.internal.util.LogHelper - HHH000204: Processing PersistenceUnitInfo [name: default]
2024-05-15 09:07:38.708 [restartedMain] INFO  o.h.c.i.RegionFactoryInitiator - HHH000026: Second-level cache disabled
2024-05-15 09:07:38.713 [restartedMain] INFO  o.s.o.j.p.SpringPersistenceUnitInfo - No LoadTimeWeaver setup: ignoring JPA class transformer
2024-05-15 09:07:38.715 [restartedMain] INFO  com.zaxxer.hikari.HikariDataSource - HikariPool-4 - Starting...
2024-05-15 09:07:38.734 [restartedMain] INFO  com.zaxxer.hikari.pool.HikariPool - HikariPool-4 - Added connection com.mysql.cj.jdbc.ConnectionImpl@758c988b
2024-05-15 09:07:38.735 [restartedMain] INFO  com.zaxxer.hikari.HikariDataSource - HikariPool-4 - Start completed.
2024-05-15 09:07:38.838 [restartedMain] INFO  o.h.e.t.j.p.i.JtaPlatformInitiator - HHH000489: No JTA platform available (set 'hibernate.transaction.jta.platform' to enable JTA platform integration)
2024-05-15 09:07:38.896 [restartedMain] INFO  o.s.o.j.LocalContainerEntityManagerFactoryBean - Initialized JPA EntityManagerFactory for persistence unit 'default'
2024-05-15 09:07:39.725 [restartedMain] INFO  o.s.b.d.a.OptionalLiveReloadServer - LiveReload server is running on port 35729
2024-05-15 09:07:39.747 [restartedMain] INFO  o.a.coyote.http11.Http11NioProtocol - Starting ProtocolHandler ["http-nio-3000"]
2024-05-15 09:07:39.750 [restartedMain] INFO  o.s.b.w.e.tomcat.TomcatWebServer - Tomcat started on port 3000 (http) with context path ''
2024-05-15 09:07:39.754 [restartedMain] INFO  c.e.p.e.EscuelasProjectApplication - Started EscuelasProjectApplication in 1.916 seconds (process running for 101.976)
2024-05-15 09:07:39.755 [restartedMain] INFO  o.s.b.d.a.ConditionEvaluationDeltaLoggingListener - Condition evaluation unchanged
2024-05-15 09:07:41.719 [http-nio-3000-exec-2] INFO  o.a.c.c.C.[Tomcat].[localhost].[/] - Initializing Spring DispatcherServlet 'dispatcherServlet'
2024-05-15 09:07:41.720 [http-nio-3000-exec-2] INFO  o.s.web.servlet.DispatcherServlet - Initializing Servlet 'dispatcherServlet'
2024-05-15 09:07:41.721 [http-nio-3000-exec-2] INFO  o.s.web.servlet.DispatcherServlet - Completed initialization in 1 ms
2024-05-15 09:07:41.725 [http-nio-3000-exec-2] ERROR c.e.p.e.aop.ExceptionHandlerAOP - Exception in method: validationError, Arguments: [org.springframework.http.converter.HttpMessageNotReadableException: Required request body is missing: public org.springframework.http.ResponseEntity<com.escuelas.project.escuelas_project.service.models.dtos.escuela.EscuelaResponseDto> com.escuelas.project.escuelas_project.controllers.v1.EscuelaController.update(com.escuelas.project.escuelas_project.service.models.dtos.escuela.EscuelaDtoUpdate,java.lang.Long) throws com.escuelas.project.escuelas_project.service.models.exceptions.escuelaExceptions.EscuelaNoExistenteException,com.escuelas.project.escuelas_project.service.models.exceptions.EntityDisabledException]
2024-05-15 09:07:41.727 [http-nio-3000-exec-2] WARN  o.s.w.s.m.m.a.ExceptionHandlerExceptionResolver - Failure in @ExceptionHandler com.escuelas.project.escuelas_project.service.models.exceptions.GlobalExceptionHandler#validationError(HttpMessageNotReadableException)
java.lang.NullPointerException: Cannot invoke "java.lang.Throwable.getMessage()" because the return value of "org.springframework.http.converter.HttpMessageNotReadableException.getCause()" is null
	at com.escuelas.project.escuelas_project.service.models.exceptions.GlobalExceptionHandler.validationError(GlobalExceptionHandler.java:48)
	at java.base/jdk.internal.reflect.NativeMethodAccessorImpl.invoke0(Native Method)
	at java.base/jdk.internal.reflect.NativeMethodAccessorImpl.invoke(NativeMethodAccessorImpl.java:77)
	at java.base/jdk.internal.reflect.DelegatingMethodAccessorImpl.invoke(DelegatingMethodAccessorImpl.java:43)
	at java.base/java.lang.reflect.Method.invoke(Method.java:568)
	at org.springframework.aop.support.AopUtils.invokeJoinpointUsingReflection(AopUtils.java:354)
	at org.springframework.aop.framework.ReflectiveMethodInvocation.invokeJoinpoint(ReflectiveMethodInvocation.java:196)
	at org.springframework.aop.framework.ReflectiveMethodInvocation.proceed(ReflectiveMethodInvocation.java:163)
	at org.springframework.aop.framework.CglibAopProxy$CglibMethodInvocation.proceed(CglibAopProxy.java:768)
	at org.springframework.aop.framework.adapter.AfterReturningAdviceInterceptor.invoke(AfterReturningAdviceInterceptor.java:57)
	at org.springframework.aop.framework.ReflectiveMethodInvocation.proceed(ReflectiveMethodInvocation.java:184)
	at org.springframework.aop.framework.CglibAopProxy$CglibMethodInvocation.proceed(CglibAopProxy.java:768)
	at org.springframework.aop.framework.adapter.MethodBeforeAdviceInterceptor.invoke(MethodBeforeAdviceInterceptor.java:58)
	at org.springframework.aop.framework.ReflectiveMethodInvocation.proceed(ReflectiveMethodInvocation.java:184)
	at org.springframework.aop.framework.CglibAopProxy$CglibMethodInvocation.proceed(CglibAopProxy.java:768)
	at org.springframework.aop.interceptor.ExposeInvocationInterceptor.invoke(ExposeInvocationInterceptor.java:97)
	at org.springframework.aop.framework.ReflectiveMethodInvocation.proceed(ReflectiveMethodInvocation.java:184)
	at org.springframework.aop.framework.CglibAopProxy$CglibMethodInvocation.proceed(CglibAopProxy.java:768)
	at org.springframework.aop.framework.CglibAopProxy$DynamicAdvisedInterceptor.intercept(CglibAopProxy.java:720)
	at com.escuelas.project.escuelas_project.service.models.exceptions.GlobalExceptionHandler$$SpringCGLIB$$0.validationError(<generated>)
	at java.base/jdk.internal.reflect.NativeMethodAccessorImpl.invoke0(Native Method)
	at java.base/jdk.internal.reflect.NativeMethodAccessorImpl.invoke(NativeMethodAccessorImpl.java:77)
	at java.base/jdk.internal.reflect.DelegatingMethodAccessorImpl.invoke(DelegatingMethodAccessorImpl.java:43)
	at java.base/java.lang.reflect.Method.invoke(Method.java:568)
	at org.springframework.web.method.support.InvocableHandlerMethod.doInvoke(InvocableHandlerMethod.java:255)
	at org.springframework.web.method.support.InvocableHandlerMethod.invokeForRequest(InvocableHandlerMethod.java:188)
	at org.springframework.web.servlet.mvc.method.annotation.ServletInvocableHandlerMethod.invokeAndHandle(ServletInvocableHandlerMethod.java:118)
	at org.springframework.web.servlet.mvc.method.annotation.ExceptionHandlerExceptionResolver.doResolveHandlerMethodException(ExceptionHandlerExceptionResolver.java:432)
	at org.springframework.web.servlet.handler.AbstractHandlerMethodExceptionResolver.doResolveException(AbstractHandlerMethodExceptionResolver.java:74)
	at org.springframework.web.servlet.handler.AbstractHandlerExceptionResolver.resolveException(AbstractHandlerExceptionResolver.java:175)
	at org.springframework.web.servlet.handler.HandlerExceptionResolverComposite.resolveException(HandlerExceptionResolverComposite.java:80)
	at org.springframework.web.servlet.DispatcherServlet.processHandlerException(DispatcherServlet.java:1357)
	at org.springframework.web.servlet.DispatcherServlet.processDispatchResult(DispatcherServlet.java:1160)
	at org.springframework.web.servlet.DispatcherServlet.doDispatch(DispatcherServlet.java:1106)
	at org.springframework.web.servlet.DispatcherServlet.doService(DispatcherServlet.java:979)
	at org.springframework.web.servlet.FrameworkServlet.processRequest(FrameworkServlet.java:1014)
	at org.springframework.web.servlet.FrameworkServlet.doPut(FrameworkServlet.java:925)
	at jakarta.servlet.http.HttpServlet.service(HttpServlet.java:593)
	at org.springframework.web.servlet.FrameworkServlet.service(FrameworkServlet.java:885)
	at jakarta.servlet.http.HttpServlet.service(HttpServlet.java:658)
	at org.apache.catalina.core.ApplicationFilterChain.internalDoFilter(ApplicationFilterChain.java:206)
	at org.apache.catalina.core.ApplicationFilterChain.doFilter(ApplicationFilterChain.java:150)
	at org.apache.tomcat.websocket.server.WsFilter.doFilter(WsFilter.java:51)
	at org.apache.catalina.core.ApplicationFilterChain.internalDoFilter(ApplicationFilterChain.java:175)
	at org.apache.catalina.core.ApplicationFilterChain.doFilter(ApplicationFilterChain.java:150)
	at org.springframework.web.filter.CharacterEncodingFilter.doFilterInternal(CharacterEncodingFilter.java:201)
	at org.springframework.web.filter.OncePerRequestFilter.doFilter(OncePerRequestFilter.java:116)
	at org.apache.catalina.core.ApplicationFilterChain.internalDoFilter(ApplicationFilterChain.java:175)
	at org.apache.catalina.core.ApplicationFilterChain.doFilter(ApplicationFilterChain.java:150)
	at org.apache.catalina.core.StandardWrapperValve.invoke(StandardWrapperValve.java:167)
	at org.apache.catalina.core.StandardContextValve.invoke(StandardContextValve.java:90)
	at org.apache.catalina.authenticator.AuthenticatorBase.invoke(AuthenticatorBase.java:482)
	at org.apache.catalina.core.StandardHostValve.invoke(StandardHostValve.java:115)
	at org.apache.catalina.valves.ErrorReportValve.invoke(ErrorReportValve.java:93)
	at org.apache.catalina.core.StandardEngineValve.invoke(StandardEngineValve.java:74)
	at org.apache.catalina.connector.CoyoteAdapter.service(CoyoteAdapter.java:344)
	at org.apache.coyote.http11.Http11Processor.service(Http11Processor.java:391)
	at org.apache.coyote.AbstractProcessorLight.process(AbstractProcessorLight.java:63)
	at org.apache.coyote.AbstractProtocol$ConnectionHandler.process(AbstractProtocol.java:896)
	at org.apache.tomcat.util.net.NioEndpoint$SocketProcessor.doRun(NioEndpoint.java:1736)
	at org.apache.tomcat.util.net.SocketProcessorBase.run(SocketProcessorBase.java:52)
	at org.apache.tomcat.util.threads.ThreadPoolExecutor.runWorker(ThreadPoolExecutor.java:1191)
	at org.apache.tomcat.util.threads.ThreadPoolExecutor$Worker.run(ThreadPoolExecutor.java:659)
	at org.apache.tomcat.util.threads.TaskThread$WrappingRunnable.run(TaskThread.java:63)
	at java.base/java.lang.Thread.run(Thread.java:842)
2024-05-15 09:07:41.748 [http-nio-3000-exec-2] WARN  o.s.w.s.m.s.DefaultHandlerExceptionResolver - Resolved [org.springframework.http.converter.HttpMessageNotReadableException: Required request body is missing: public org.springframework.http.ResponseEntity<com.escuelas.project.escuelas_project.service.models.dtos.escuela.EscuelaResponseDto> com.escuelas.project.escuelas_project.controllers.v1.EscuelaController.update(com.escuelas.project.escuelas_project.service.models.dtos.escuela.EscuelaDtoUpdate,java.lang.Long) throws com.escuelas.project.escuelas_project.service.models.exceptions.escuelaExceptions.EscuelaNoExistenteException,com.escuelas.project.escuelas_project.service.models.exceptions.EntityDisabledException]
2024-05-15 09:08:19.908 [File Watcher] INFO  o.s.b.d.a.LocalDevToolsAutoConfiguration$RestartingClassPathChangeChangedEventListener - Restarting due to 1 class path change (0 additions, 0 deletions, 1 modification)
2024-05-15 09:08:19.909 [Thread-15] INFO  o.a.coyote.http11.Http11NioProtocol - Stopping ProtocolHandler ["http-nio-3000"]
2024-05-15 09:08:19.917 [Thread-15] INFO  o.s.o.j.LocalContainerEntityManagerFactoryBean - Closing JPA EntityManagerFactory for persistence unit 'default'
2024-05-15 09:08:19.918 [Thread-15] INFO  com.zaxxer.hikari.HikariDataSource - HikariPool-4 - Shutdown initiated...
2024-05-15 09:08:19.922 [Thread-15] INFO  com.zaxxer.hikari.HikariDataSource - HikariPool-4 - Shutdown completed.
2024-05-15 09:08:19.992 [restartedMain] INFO  c.e.p.e.EscuelasProjectApplication - Starting EscuelasProjectApplication using Java 17.0.9 with PID 8492 (G:\Desktop\EscuelasProject\escuelas_project\target\classes started by Usuario in G:\Desktop\EscuelasProject\escuelas_project)
2024-05-15 09:08:19.993 [restartedMain] INFO  c.e.p.e.EscuelasProjectApplication - No active profile set, falling back to 1 default profile: "default"
2024-05-15 09:08:20.233 [restartedMain] INFO  o.s.d.r.c.RepositoryConfigurationDelegate - Bootstrapping Spring Data JPA repositories in DEFAULT mode.
2024-05-15 09:08:20.258 [restartedMain] INFO  o.s.d.r.c.RepositoryConfigurationDelegate - Finished Spring Data repository scanning in 23 ms. Found 5 JPA repository interfaces.
2024-05-15 09:08:20.431 [restartedMain] INFO  o.s.b.w.e.tomcat.TomcatWebServer - Tomcat initialized with port 3000 (http)
2024-05-15 09:08:20.432 [restartedMain] INFO  o.a.coyote.http11.Http11NioProtocol - Initializing ProtocolHandler ["http-nio-3000"]
2024-05-15 09:08:20.433 [restartedMain] INFO  o.a.catalina.core.StandardService - Starting service [Tomcat]
2024-05-15 09:08:20.433 [restartedMain] INFO  o.a.catalina.core.StandardEngine - Starting Servlet engine: [Apache Tomcat/10.1.20]
2024-05-15 09:08:20.468 [restartedMain] INFO  o.a.c.c.C.[Tomcat].[localhost].[/] - Initializing Spring embedded WebApplicationContext
2024-05-15 09:08:20.469 [restartedMain] INFO  o.s.b.w.s.c.ServletWebServerApplicationContext - Root WebApplicationContext: initialization completed in 474 ms
2024-05-15 09:08:20.518 [restartedMain] INFO  o.h.jpa.internal.util.LogHelper - HHH000204: Processing PersistenceUnitInfo [name: default]
2024-05-15 09:08:20.521 [restartedMain] INFO  o.h.c.i.RegionFactoryInitiator - HHH000026: Second-level cache disabled
2024-05-15 09:08:20.525 [restartedMain] INFO  o.s.o.j.p.SpringPersistenceUnitInfo - No LoadTimeWeaver setup: ignoring JPA class transformer
2024-05-15 09:08:20.526 [restartedMain] INFO  com.zaxxer.hikari.HikariDataSource - HikariPool-5 - Starting...
2024-05-15 09:08:20.537 [restartedMain] INFO  com.zaxxer.hikari.pool.HikariPool - HikariPool-5 - Added connection com.mysql.cj.jdbc.ConnectionImpl@5b0f1a28
2024-05-15 09:08:20.538 [restartedMain] INFO  com.zaxxer.hikari.HikariDataSource - HikariPool-5 - Start completed.
2024-05-15 09:08:20.627 [restartedMain] INFO  o.h.e.t.j.p.i.JtaPlatformInitiator - HHH000489: No JTA platform available (set 'hibernate.transaction.jta.platform' to enable JTA platform integration)
2024-05-15 09:08:20.682 [restartedMain] INFO  o.s.o.j.LocalContainerEntityManagerFactoryBean - Initialized JPA EntityManagerFactory for persistence unit 'default'
2024-05-15 09:08:21.453 [restartedMain] INFO  o.s.b.d.a.OptionalLiveReloadServer - LiveReload server is running on port 35729
2024-05-15 09:08:21.469 [restartedMain] INFO  o.a.coyote.http11.Http11NioProtocol - Starting ProtocolHandler ["http-nio-3000"]
2024-05-15 09:08:21.473 [restartedMain] INFO  o.s.b.w.e.tomcat.TomcatWebServer - Tomcat started on port 3000 (http) with context path ''
2024-05-15 09:08:21.477 [restartedMain] INFO  c.e.p.e.EscuelasProjectApplication - Started EscuelasProjectApplication in 1.509 seconds (process running for 143.699)
2024-05-15 09:08:21.478 [restartedMain] INFO  o.s.b.d.a.ConditionEvaluationDeltaLoggingListener - Condition evaluation unchanged
2024-05-15 09:08:29.594 [http-nio-3000-exec-2] INFO  o.a.c.c.C.[Tomcat].[localhost].[/] - Initializing Spring DispatcherServlet 'dispatcherServlet'
2024-05-15 09:08:29.595 [http-nio-3000-exec-2] INFO  o.s.web.servlet.DispatcherServlet - Initializing Servlet 'dispatcherServlet'
2024-05-15 09:08:29.597 [http-nio-3000-exec-2] INFO  o.s.web.servlet.DispatcherServlet - Completed initialization in 1 ms
2024-05-15 09:08:29.640 [http-nio-3000-exec-2] INFO  c.e.p.e.aop.HttpRequestAspect - Método: EscuelaController.update(..), URL: http://localhost:3000/api/v1/escuelas/update/3, IP: 0:0:0:0:0:0:0:1, Parámetros: org.apache.catalina.util.ParameterMap@266f153f
2024-05-15 09:08:29.705 [http-nio-3000-exec-2] INFO  c.e.p.e.aop.HttpRequestAspect - Método: EscuelaController.update(..), Respuesta: <200 OK OK,EscuelaResponseDto[id=3, nombre=],[]>
2024-05-15 09:08:54.559 [http-nio-3000-exec-3] INFO  c.e.p.e.aop.HttpRequestAspect - Método: EscuelaController.update(..), URL: http://localhost:3000/api/v1/escuelas/update/3, IP: 0:0:0:0:0:0:0:1, Parámetros: org.apache.catalina.util.ParameterMap@1f79f9ff
2024-05-15 09:08:54.561 [http-nio-3000-exec-3] INFO  c.e.p.e.aop.HttpRequestAspect - Método: EscuelaController.update(..), Respuesta: <200 OK OK,EscuelaResponseDto[id=3, nombre=test],[]>
2024-05-15 09:09:47.562 [File Watcher] INFO  o.s.b.d.a.LocalDevToolsAutoConfiguration$RestartingClassPathChangeChangedEventListener - Restarting due to 1 class path change (0 additions, 0 deletions, 1 modification)
2024-05-15 09:09:47.564 [Thread-19] INFO  o.a.coyote.http11.Http11NioProtocol - Stopping ProtocolHandler ["http-nio-3000"]
2024-05-15 09:09:47.572 [Thread-19] INFO  o.s.o.j.LocalContainerEntityManagerFactoryBean - Closing JPA EntityManagerFactory for persistence unit 'default'
2024-05-15 09:09:47.573 [Thread-19] INFO  com.zaxxer.hikari.HikariDataSource - HikariPool-5 - Shutdown initiated...
2024-05-15 09:09:47.579 [Thread-19] INFO  com.zaxxer.hikari.HikariDataSource - HikariPool-5 - Shutdown completed.
2024-05-15 09:09:47.658 [restartedMain] INFO  c.e.p.e.EscuelasProjectApplication - Starting EscuelasProjectApplication using Java 17.0.9 with PID 8492 (G:\Desktop\EscuelasProject\escuelas_project\target\classes started by Usuario in G:\Desktop\EscuelasProject\escuelas_project)
2024-05-15 09:09:47.659 [restartedMain] INFO  c.e.p.e.EscuelasProjectApplication - No active profile set, falling back to 1 default profile: "default"
2024-05-15 09:09:47.910 [restartedMain] INFO  o.s.d.r.c.RepositoryConfigurationDelegate - Bootstrapping Spring Data JPA repositories in DEFAULT mode.
2024-05-15 09:09:47.933 [restartedMain] INFO  o.s.d.r.c.RepositoryConfigurationDelegate - Finished Spring Data repository scanning in 22 ms. Found 5 JPA repository interfaces.
2024-05-15 09:09:48.080 [restartedMain] INFO  o.s.b.w.e.tomcat.TomcatWebServer - Tomcat initialized with port 3000 (http)
2024-05-15 09:09:48.081 [restartedMain] INFO  o.a.coyote.http11.Http11NioProtocol - Initializing ProtocolHandler ["http-nio-3000"]
2024-05-15 09:09:48.081 [restartedMain] INFO  o.a.catalina.core.StandardService - Starting service [Tomcat]
2024-05-15 09:09:48.082 [restartedMain] INFO  o.a.catalina.core.StandardEngine - Starting Servlet engine: [Apache Tomcat/10.1.20]
2024-05-15 09:09:48.113 [restartedMain] INFO  o.a.c.c.C.[Tomcat].[localhost].[/] - Initializing Spring embedded WebApplicationContext
2024-05-15 09:09:48.113 [restartedMain] INFO  o.s.b.w.s.c.ServletWebServerApplicationContext - Root WebApplicationContext: initialization completed in 452 ms
2024-05-15 09:09:48.157 [restartedMain] INFO  o.h.jpa.internal.util.LogHelper - HHH000204: Processing PersistenceUnitInfo [name: default]
2024-05-15 09:09:48.159 [restartedMain] INFO  o.h.c.i.RegionFactoryInitiator - HHH000026: Second-level cache disabled
2024-05-15 09:09:48.164 [restartedMain] INFO  o.s.o.j.p.SpringPersistenceUnitInfo - No LoadTimeWeaver setup: ignoring JPA class transformer
2024-05-15 09:09:48.165 [restartedMain] INFO  com.zaxxer.hikari.HikariDataSource - HikariPool-6 - Starting...
2024-05-15 09:09:48.176 [restartedMain] INFO  com.zaxxer.hikari.pool.HikariPool - HikariPool-6 - Added connection com.mysql.cj.jdbc.ConnectionImpl@67429cd3
2024-05-15 09:09:48.176 [restartedMain] INFO  com.zaxxer.hikari.HikariDataSource - HikariPool-6 - Start completed.
2024-05-15 09:09:48.312 [restartedMain] INFO  o.h.e.t.j.p.i.JtaPlatformInitiator - HHH000489: No JTA platform available (set 'hibernate.transaction.jta.platform' to enable JTA platform integration)
2024-05-15 09:09:48.375 [restartedMain] INFO  o.s.o.j.LocalContainerEntityManagerFactoryBean - Initialized JPA EntityManagerFactory for persistence unit 'default'
2024-05-15 09:09:49.204 [restartedMain] INFO  o.s.b.d.a.OptionalLiveReloadServer - LiveReload server is running on port 35729
2024-05-15 09:09:49.220 [restartedMain] INFO  o.a.coyote.http11.Http11NioProtocol - Starting ProtocolHandler ["http-nio-3000"]
2024-05-15 09:09:49.224 [restartedMain] INFO  o.s.b.w.e.tomcat.TomcatWebServer - Tomcat started on port 3000 (http) with context path ''
2024-05-15 09:09:49.227 [restartedMain] INFO  c.e.p.e.EscuelasProjectApplication - Started EscuelasProjectApplication in 1.595 seconds (process running for 231.449)
2024-05-15 09:09:49.228 [restartedMain] INFO  o.s.b.d.a.ConditionEvaluationDeltaLoggingListener - Condition evaluation unchanged
2024-05-15 09:09:50.639 [File Watcher] INFO  o.s.b.d.a.LocalDevToolsAutoConfiguration$RestartingClassPathChangeChangedEventListener - Restarting due to 1 class path change (0 additions, 0 deletions, 1 modification)
2024-05-15 09:09:50.640 [Thread-23] INFO  o.a.coyote.http11.Http11NioProtocol - Stopping ProtocolHandler ["http-nio-3000"]
2024-05-15 09:09:50.647 [Thread-23] INFO  o.s.o.j.LocalContainerEntityManagerFactoryBean - Closing JPA EntityManagerFactory for persistence unit 'default'
2024-05-15 09:09:50.648 [Thread-23] INFO  com.zaxxer.hikari.HikariDataSource - HikariPool-6 - Shutdown initiated...
2024-05-15 09:09:50.652 [Thread-23] INFO  com.zaxxer.hikari.HikariDataSource - HikariPool-6 - Shutdown completed.
2024-05-15 09:09:50.719 [restartedMain] INFO  c.e.p.e.EscuelasProjectApplication - Starting EscuelasProjectApplication using Java 17.0.9 with PID 8492 (G:\Desktop\EscuelasProject\escuelas_project\target\classes started by Usuario in G:\Desktop\EscuelasProject\escuelas_project)
2024-05-15 09:09:50.720 [restartedMain] INFO  c.e.p.e.EscuelasProjectApplication - No active profile set, falling back to 1 default profile: "default"
2024-05-15 09:09:50.952 [restartedMain] INFO  o.s.d.r.c.RepositoryConfigurationDelegate - Bootstrapping Spring Data JPA repositories in DEFAULT mode.
2024-05-15 09:09:50.980 [restartedMain] INFO  o.s.d.r.c.RepositoryConfigurationDelegate - Finished Spring Data repository scanning in 28 ms. Found 5 JPA repository interfaces.
2024-05-15 09:09:51.181 [restartedMain] INFO  o.s.b.w.e.tomcat.TomcatWebServer - Tomcat initialized with port 3000 (http)
2024-05-15 09:09:51.182 [restartedMain] INFO  o.a.coyote.http11.Http11NioProtocol - Initializing ProtocolHandler ["http-nio-3000"]
2024-05-15 09:09:51.183 [restartedMain] INFO  o.a.catalina.core.StandardService - Starting service [Tomcat]
2024-05-15 09:09:51.184 [restartedMain] INFO  o.a.catalina.core.StandardEngine - Starting Servlet engine: [Apache Tomcat/10.1.20]
2024-05-15 09:09:51.224 [restartedMain] INFO  o.a.c.c.C.[Tomcat].[localhost].[/] - Initializing Spring embedded WebApplicationContext
2024-05-15 09:09:51.225 [restartedMain] INFO  o.s.b.w.s.c.ServletWebServerApplicationContext - Root WebApplicationContext: initialization completed in 503 ms
2024-05-15 09:09:51.288 [restartedMain] INFO  o.h.jpa.internal.util.LogHelper - HHH000204: Processing PersistenceUnitInfo [name: default]
2024-05-15 09:09:51.291 [restartedMain] INFO  o.h.c.i.RegionFactoryInitiator - HHH000026: Second-level cache disabled
2024-05-15 09:09:51.294 [restartedMain] INFO  o.s.o.j.p.SpringPersistenceUnitInfo - No LoadTimeWeaver setup: ignoring JPA class transformer
2024-05-15 09:09:51.296 [restartedMain] INFO  com.zaxxer.hikari.HikariDataSource - HikariPool-7 - Starting...
2024-05-15 09:09:51.306 [restartedMain] INFO  com.zaxxer.hikari.pool.HikariPool - HikariPool-7 - Added connection com.mysql.cj.jdbc.ConnectionImpl@21cbdaa3
2024-05-15 09:09:51.307 [restartedMain] INFO  com.zaxxer.hikari.HikariDataSource - HikariPool-7 - Start completed.
2024-05-15 09:09:51.380 [restartedMain] INFO  o.h.e.t.j.p.i.JtaPlatformInitiator - HHH000489: No JTA platform available (set 'hibernate.transaction.jta.platform' to enable JTA platform integration)
2024-05-15 09:09:51.426 [restartedMain] INFO  o.s.o.j.LocalContainerEntityManagerFactoryBean - Initialized JPA EntityManagerFactory for persistence unit 'default'
2024-05-15 09:09:52.103 [restartedMain] INFO  o.s.b.d.a.OptionalLiveReloadServer - LiveReload server is running on port 35729
2024-05-15 09:09:52.123 [restartedMain] INFO  o.a.coyote.http11.Http11NioProtocol - Starting ProtocolHandler ["http-nio-3000"]
2024-05-15 09:09:52.126 [restartedMain] INFO  o.s.b.w.e.tomcat.TomcatWebServer - Tomcat started on port 3000 (http) with context path ''
2024-05-15 09:09:52.129 [restartedMain] INFO  c.e.p.e.EscuelasProjectApplication - Started EscuelasProjectApplication in 1.433 seconds (process running for 234.351)
2024-05-15 09:09:52.130 [restartedMain] INFO  o.s.b.d.a.ConditionEvaluationDeltaLoggingListener - Condition evaluation unchanged
2024-05-15 09:09:57.244 [http-nio-3000-exec-2] INFO  o.a.c.c.C.[Tomcat].[localhost].[/] - Initializing Spring DispatcherServlet 'dispatcherServlet'
2024-05-15 09:09:57.245 [http-nio-3000-exec-2] INFO  o.s.web.servlet.DispatcherServlet - Initializing Servlet 'dispatcherServlet'
2024-05-15 09:09:57.245 [http-nio-3000-exec-2] INFO  o.s.web.servlet.DispatcherServlet - Completed initialization in 0 ms
2024-05-15 09:09:57.250 [http-nio-3000-exec-2] INFO  c.e.p.e.aop.HttpRequestAspect - Método: EscuelaController.update(..), URL: http://localhost:3000/api/v1/escuelas/update/3, IP: 0:0:0:0:0:0:0:1, Parámetros: org.apache.catalina.util.ParameterMap@27efc3f2
2024-05-15 09:09:57.253 [http-nio-3000-exec-2] INFO  c.e.p.e.aop.HttpRequestAspect - Método: EscuelaController.update(..), Respuesta: <200 OK OK,EscuelaResponseDto[id=3, nombre=test],[]>
2024-05-15 09:09:59.376 [http-nio-3000-exec-3] INFO  c.e.p.e.aop.HttpRequestAspect - Método: EscuelaController.update(..), URL: http://localhost:3000/api/v1/escuelas/update/3, IP: 0:0:0:0:0:0:0:1, Parámetros: org.apache.catalina.util.ParameterMap@2e066669
2024-05-15 09:09:59.378 [http-nio-3000-exec-3] INFO  c.e.p.e.aop.HttpRequestAspect - Método: EscuelaController.update(..), Respuesta: <200 OK OK,EscuelaResponseDto[id=3, nombre=test],[]>
2024-05-15 09:10:06.786 [File Watcher] INFO  o.s.b.d.a.LocalDevToolsAutoConfiguration$RestartingClassPathChangeChangedEventListener - Restarting due to 1 class path change (0 additions, 0 deletions, 1 modification)
2024-05-15 09:10:06.788 [Thread-27] INFO  o.a.coyote.http11.Http11NioProtocol - Stopping ProtocolHandler ["http-nio-3000"]
2024-05-15 09:10:06.794 [Thread-27] INFO  o.s.o.j.LocalContainerEntityManagerFactoryBean - Closing JPA EntityManagerFactory for persistence unit 'default'
2024-05-15 09:10:06.795 [Thread-27] INFO  com.zaxxer.hikari.HikariDataSource - HikariPool-7 - Shutdown initiated...
2024-05-15 09:10:06.800 [Thread-27] INFO  com.zaxxer.hikari.HikariDataSource - HikariPool-7 - Shutdown completed.
2024-05-15 09:10:06.875 [restartedMain] INFO  c.e.p.e.EscuelasProjectApplication - Starting EscuelasProjectApplication using Java 17.0.9 with PID 8492 (G:\Desktop\EscuelasProject\escuelas_project\target\classes started by Usuario in G:\Desktop\EscuelasProject\escuelas_project)
2024-05-15 09:10:06.876 [restartedMain] INFO  c.e.p.e.EscuelasProjectApplication - No active profile set, falling back to 1 default profile: "default"
2024-05-15 09:10:07.047 [restartedMain] INFO  o.s.d.r.c.RepositoryConfigurationDelegate - Bootstrapping Spring Data JPA repositories in DEFAULT mode.
2024-05-15 09:10:07.071 [restartedMain] INFO  o.s.d.r.c.RepositoryConfigurationDelegate - Finished Spring Data repository scanning in 22 ms. Found 5 JPA repository interfaces.
2024-05-15 09:10:07.264 [restartedMain] INFO  o.s.b.w.e.tomcat.TomcatWebServer - Tomcat initialized with port 3000 (http)
2024-05-15 09:10:07.264 [restartedMain] INFO  o.a.coyote.http11.Http11NioProtocol - Initializing ProtocolHandler ["http-nio-3000"]
2024-05-15 09:10:07.265 [restartedMain] INFO  o.a.catalina.core.StandardService - Starting service [Tomcat]
2024-05-15 09:10:07.265 [restartedMain] INFO  o.a.catalina.core.StandardEngine - Starting Servlet engine: [Apache Tomcat/10.1.20]
2024-05-15 09:10:07.296 [restartedMain] INFO  o.a.c.c.C.[Tomcat].[localhost].[/] - Initializing Spring embedded WebApplicationContext
2024-05-15 09:10:07.296 [restartedMain] INFO  o.s.b.w.s.c.ServletWebServerApplicationContext - Root WebApplicationContext: initialization completed in 419 ms
2024-05-15 09:10:07.339 [restartedMain] INFO  o.h.jpa.internal.util.LogHelper - HHH000204: Processing PersistenceUnitInfo [name: default]
2024-05-15 09:10:07.342 [restartedMain] INFO  o.h.c.i.RegionFactoryInitiator - HHH000026: Second-level cache disabled
2024-05-15 09:10:07.345 [restartedMain] INFO  o.s.o.j.p.SpringPersistenceUnitInfo - No LoadTimeWeaver setup: ignoring JPA class transformer
2024-05-15 09:10:07.347 [restartedMain] INFO  com.zaxxer.hikari.HikariDataSource - HikariPool-8 - Starting...
2024-05-15 09:10:07.357 [restartedMain] INFO  com.zaxxer.hikari.pool.HikariPool - HikariPool-8 - Added connection com.mysql.cj.jdbc.ConnectionImpl@41e9279d
2024-05-15 09:10:07.357 [restartedMain] INFO  com.zaxxer.hikari.HikariDataSource - HikariPool-8 - Start completed.
2024-05-15 09:10:07.420 [restartedMain] INFO  o.h.e.t.j.p.i.JtaPlatformInitiator - HHH000489: No JTA platform available (set 'hibernate.transaction.jta.platform' to enable JTA platform integration)
2024-05-15 09:10:07.459 [restartedMain] INFO  o.s.o.j.LocalContainerEntityManagerFactoryBean - Initialized JPA EntityManagerFactory for persistence unit 'default'
2024-05-15 09:10:08.154 [restartedMain] INFO  o.s.b.d.a.OptionalLiveReloadServer - LiveReload server is running on port 35729
2024-05-15 09:10:08.172 [restartedMain] INFO  o.a.coyote.http11.Http11NioProtocol - Starting ProtocolHandler ["http-nio-3000"]
2024-05-15 09:10:08.175 [restartedMain] INFO  o.s.b.w.e.tomcat.TomcatWebServer - Tomcat started on port 3000 (http) with context path ''
2024-05-15 09:10:08.179 [restartedMain] INFO  c.e.p.e.EscuelasProjectApplication - Started EscuelasProjectApplication in 1.327 seconds (process running for 250.401)
2024-05-15 09:10:08.181 [restartedMain] INFO  o.s.b.d.a.ConditionEvaluationDeltaLoggingListener - Condition evaluation unchanged
2024-05-15 09:10:11.619 [File Watcher] INFO  o.s.b.d.a.LocalDevToolsAutoConfiguration$RestartingClassPathChangeChangedEventListener - Restarting due to 1 class path change (0 additions, 0 deletions, 1 modification)
2024-05-15 09:10:11.620 [Thread-31] INFO  o.a.coyote.http11.Http11NioProtocol - Stopping ProtocolHandler ["http-nio-3000"]
2024-05-15 09:10:11.627 [Thread-31] INFO  o.s.o.j.LocalContainerEntityManagerFactoryBean - Closing JPA EntityManagerFactory for persistence unit 'default'
2024-05-15 09:10:11.628 [Thread-31] INFO  com.zaxxer.hikari.HikariDataSource - HikariPool-8 - Shutdown initiated...
2024-05-15 09:10:11.633 [Thread-31] INFO  com.zaxxer.hikari.HikariDataSource - HikariPool-8 - Shutdown completed.
2024-05-15 09:10:11.752 [restartedMain] INFO  c.e.p.e.EscuelasProjectApplication - Starting EscuelasProjectApplication using Java 17.0.9 with PID 8492 (G:\Desktop\EscuelasProject\escuelas_project\target\classes started by Usuario in G:\Desktop\EscuelasProject\escuelas_project)
2024-05-15 09:10:11.752 [restartedMain] INFO  c.e.p.e.EscuelasProjectApplication - No active profile set, falling back to 1 default profile: "default"
2024-05-15 09:10:11.984 [restartedMain] INFO  o.s.d.r.c.RepositoryConfigurationDelegate - Bootstrapping Spring Data JPA repositories in DEFAULT mode.
2024-05-15 09:10:12.014 [restartedMain] INFO  o.s.d.r.c.RepositoryConfigurationDelegate - Finished Spring Data repository scanning in 28 ms. Found 5 JPA repository interfaces.
2024-05-15 09:10:12.244 [restartedMain] INFO  o.s.b.w.e.tomcat.TomcatWebServer - Tomcat initialized with port 3000 (http)
2024-05-15 09:10:12.246 [restartedMain] INFO  o.a.coyote.http11.Http11NioProtocol - Initializing ProtocolHandler ["http-nio-3000"]
2024-05-15 09:10:12.267 [restartedMain] INFO  o.a.catalina.core.StandardService - Starting service [Tomcat]
2024-05-15 09:10:12.274 [restartedMain] INFO  o.a.catalina.core.StandardEngine - Starting Servlet engine: [Apache Tomcat/10.1.20]
2024-05-15 09:10:12.334 [restartedMain] INFO  o.a.c.c.C.[Tomcat].[localhost].[/] - Initializing Spring embedded WebApplicationContext
2024-05-15 09:10:12.334 [restartedMain] INFO  o.s.b.w.s.c.ServletWebServerApplicationContext - Root WebApplicationContext: initialization completed in 580 ms
2024-05-15 09:10:12.396 [restartedMain] INFO  o.h.jpa.internal.util.LogHelper - HHH000204: Processing PersistenceUnitInfo [name: default]
2024-05-15 09:10:12.399 [restartedMain] INFO  o.h.c.i.RegionFactoryInitiator - HHH000026: Second-level cache disabled
2024-05-15 09:10:12.405 [restartedMain] INFO  o.s.o.j.p.SpringPersistenceUnitInfo - No LoadTimeWeaver setup: ignoring JPA class transformer
2024-05-15 09:10:12.408 [restartedMain] INFO  com.zaxxer.hikari.HikariDataSource - HikariPool-9 - Starting...
2024-05-15 09:10:12.421 [restartedMain] INFO  com.zaxxer.hikari.pool.HikariPool - HikariPool-9 - Added connection com.mysql.cj.jdbc.ConnectionImpl@58507de8
2024-05-15 09:10:12.421 [restartedMain] INFO  com.zaxxer.hikari.HikariDataSource - HikariPool-9 - Start completed.
2024-05-15 09:10:12.511 [restartedMain] INFO  o.h.e.t.j.p.i.JtaPlatformInitiator - HHH000489: No JTA platform available (set 'hibernate.transaction.jta.platform' to enable JTA platform integration)
2024-05-15 09:10:12.580 [restartedMain] INFO  o.s.o.j.LocalContainerEntityManagerFactoryBean - Initialized JPA EntityManagerFactory for persistence unit 'default'
2024-05-15 09:10:13.757 [restartedMain] INFO  o.s.b.d.a.OptionalLiveReloadServer - LiveReload server is running on port 35729
2024-05-15 09:10:13.774 [restartedMain] INFO  o.a.coyote.http11.Http11NioProtocol - Starting ProtocolHandler ["http-nio-3000"]
2024-05-15 09:10:13.777 [restartedMain] INFO  o.s.b.w.e.tomcat.TomcatWebServer - Tomcat started on port 3000 (http) with context path ''
2024-05-15 09:10:13.780 [restartedMain] INFO  c.e.p.e.EscuelasProjectApplication - Started EscuelasProjectApplication in 2.055 seconds (process running for 256.003)
2024-05-15 09:10:13.782 [restartedMain] INFO  o.s.b.d.a.ConditionEvaluationDeltaLoggingListener - Condition evaluation unchanged
2024-05-15 09:10:15.200 [File Watcher] INFO  o.s.b.d.a.LocalDevToolsAutoConfiguration$RestartingClassPathChangeChangedEventListener - Restarting due to 1 class path change (0 additions, 0 deletions, 1 modification)
2024-05-15 09:10:15.202 [Thread-35] INFO  o.a.coyote.http11.Http11NioProtocol - Stopping ProtocolHandler ["http-nio-3000"]
2024-05-15 09:10:15.218 [Thread-35] INFO  o.s.o.j.LocalContainerEntityManagerFactoryBean - Closing JPA EntityManagerFactory for persistence unit 'default'
2024-05-15 09:10:15.219 [Thread-35] INFO  com.zaxxer.hikari.HikariDataSource - HikariPool-9 - Shutdown initiated...
2024-05-15 09:10:15.259 [Thread-35] INFO  com.zaxxer.hikari.HikariDataSource - HikariPool-9 - Shutdown completed.
2024-05-15 09:10:15.368 [restartedMain] INFO  c.e.p.e.EscuelasProjectApplication - Starting EscuelasProjectApplication using Java 17.0.9 with PID 8492 (G:\Desktop\EscuelasProject\escuelas_project\target\classes started by Usuario in G:\Desktop\EscuelasProject\escuelas_project)
2024-05-15 09:10:15.370 [restartedMain] INFO  c.e.p.e.EscuelasProjectApplication - No active profile set, falling back to 1 default profile: "default"
2024-05-15 09:10:15.578 [restartedMain] INFO  o.s.d.r.c.RepositoryConfigurationDelegate - Bootstrapping Spring Data JPA repositories in DEFAULT mode.
2024-05-15 09:10:15.602 [restartedMain] INFO  o.s.d.r.c.RepositoryConfigurationDelegate - Finished Spring Data repository scanning in 22 ms. Found 5 JPA repository interfaces.
2024-05-15 09:10:15.739 [restartedMain] INFO  o.s.b.w.e.tomcat.TomcatWebServer - Tomcat initialized with port 3000 (http)
2024-05-15 09:10:15.740 [restartedMain] INFO  o.a.coyote.http11.Http11NioProtocol - Initializing ProtocolHandler ["http-nio-3000"]
2024-05-15 09:10:15.741 [restartedMain] INFO  o.a.catalina.core.StandardService - Starting service [Tomcat]
2024-05-15 09:10:15.741 [restartedMain] INFO  o.a.catalina.core.StandardEngine - Starting Servlet engine: [Apache Tomcat/10.1.20]
2024-05-15 09:10:15.770 [restartedMain] INFO  o.a.c.c.C.[Tomcat].[localhost].[/] - Initializing Spring embedded WebApplicationContext
2024-05-15 09:10:15.771 [restartedMain] INFO  o.s.b.w.s.c.ServletWebServerApplicationContext - Root WebApplicationContext: initialization completed in 399 ms
2024-05-15 09:10:15.836 [restartedMain] INFO  o.h.jpa.internal.util.LogHelper - HHH000204: Processing PersistenceUnitInfo [name: default]
2024-05-15 09:10:15.839 [restartedMain] INFO  o.h.c.i.RegionFactoryInitiator - HHH000026: Second-level cache disabled
2024-05-15 09:10:15.843 [restartedMain] INFO  o.s.o.j.p.SpringPersistenceUnitInfo - No LoadTimeWeaver setup: ignoring JPA class transformer
2024-05-15 09:10:15.844 [restartedMain] INFO  com.zaxxer.hikari.HikariDataSource - HikariPool-10 - Starting...
2024-05-15 09:10:15.854 [restartedMain] INFO  com.zaxxer.hikari.pool.HikariPool - HikariPool-10 - Added connection com.mysql.cj.jdbc.ConnectionImpl@abf2302
2024-05-15 09:10:15.854 [restartedMain] INFO  com.zaxxer.hikari.HikariDataSource - HikariPool-10 - Start completed.
2024-05-15 09:10:15.926 [restartedMain] INFO  o.h.e.t.j.p.i.JtaPlatformInitiator - HHH000489: No JTA platform available (set 'hibernate.transaction.jta.platform' to enable JTA platform integration)
2024-05-15 09:10:15.966 [restartedMain] INFO  o.s.o.j.LocalContainerEntityManagerFactoryBean - Initialized JPA EntityManagerFactory for persistence unit 'default'
2024-05-15 09:10:16.824 [restartedMain] INFO  o.s.b.d.a.OptionalLiveReloadServer - LiveReload server is running on port 35729
2024-05-15 09:10:16.849 [restartedMain] INFO  o.a.coyote.http11.Http11NioProtocol - Starting ProtocolHandler ["http-nio-3000"]
2024-05-15 09:10:16.853 [restartedMain] INFO  o.s.b.w.e.tomcat.TomcatWebServer - Tomcat started on port 3000 (http) with context path ''
2024-05-15 09:10:16.856 [restartedMain] INFO  c.e.p.e.EscuelasProjectApplication - Started EscuelasProjectApplication in 1.536 seconds (process running for 259.077)
2024-05-15 09:10:16.857 [restartedMain] INFO  o.s.b.d.a.ConditionEvaluationDeltaLoggingListener - Condition evaluation unchanged
2024-05-15 09:10:18.257 [File Watcher] INFO  o.s.b.d.a.LocalDevToolsAutoConfiguration$RestartingClassPathChangeChangedEventListener - Restarting due to 1 class path change (0 additions, 0 deletions, 1 modification)
2024-05-15 09:10:18.258 [Thread-39] INFO  o.a.coyote.http11.Http11NioProtocol - Stopping ProtocolHandler ["http-nio-3000"]
2024-05-15 09:10:18.265 [Thread-39] INFO  o.s.o.j.LocalContainerEntityManagerFactoryBean - Closing JPA EntityManagerFactory for persistence unit 'default'
2024-05-15 09:10:18.265 [Thread-39] INFO  com.zaxxer.hikari.HikariDataSource - HikariPool-10 - Shutdown initiated...
2024-05-15 09:10:18.270 [Thread-39] INFO  com.zaxxer.hikari.HikariDataSource - HikariPool-10 - Shutdown completed.
2024-05-15 09:10:18.363 [restartedMain] INFO  c.e.p.e.EscuelasProjectApplication - Starting EscuelasProjectApplication using Java 17.0.9 with PID 8492 (G:\Desktop\EscuelasProject\escuelas_project\target\classes started by Usuario in G:\Desktop\EscuelasProject\escuelas_project)
2024-05-15 09:10:18.363 [restartedMain] INFO  c.e.p.e.EscuelasProjectApplication - No active profile set, falling back to 1 default profile: "default"
2024-05-15 09:10:18.771 [restartedMain] INFO  o.s.d.r.c.RepositoryConfigurationDelegate - Bootstrapping Spring Data JPA repositories in DEFAULT mode.
2024-05-15 09:10:18.803 [restartedMain] INFO  o.s.d.r.c.RepositoryConfigurationDelegate - Finished Spring Data repository scanning in 30 ms. Found 5 JPA repository interfaces.
2024-05-15 09:10:18.991 [restartedMain] INFO  o.s.b.w.e.tomcat.TomcatWebServer - Tomcat initialized with port 3000 (http)
2024-05-15 09:10:18.992 [restartedMain] INFO  o.a.coyote.http11.Http11NioProtocol - Initializing ProtocolHandler ["http-nio-3000"]
2024-05-15 09:10:18.993 [restartedMain] INFO  o.a.catalina.core.StandardService - Starting service [Tomcat]
2024-05-15 09:10:18.993 [restartedMain] INFO  o.a.catalina.core.StandardEngine - Starting Servlet engine: [Apache Tomcat/10.1.20]
2024-05-15 09:10:19.031 [restartedMain] INFO  o.a.c.c.C.[Tomcat].[localhost].[/] - Initializing Spring embedded WebApplicationContext
2024-05-15 09:10:19.032 [restartedMain] INFO  o.s.b.w.s.c.ServletWebServerApplicationContext - Root WebApplicationContext: initialization completed in 662 ms
2024-05-15 09:10:19.073 [restartedMain] INFO  o.h.jpa.internal.util.LogHelper - HHH000204: Processing PersistenceUnitInfo [name: default]
2024-05-15 09:10:19.075 [restartedMain] INFO  o.h.c.i.RegionFactoryInitiator - HHH000026: Second-level cache disabled
2024-05-15 09:10:19.079 [restartedMain] INFO  o.s.o.j.p.SpringPersistenceUnitInfo - No LoadTimeWeaver setup: ignoring JPA class transformer
2024-05-15 09:10:19.080 [restartedMain] INFO  com.zaxxer.hikari.HikariDataSource - HikariPool-11 - Starting...
2024-05-15 09:10:19.090 [restartedMain] INFO  com.zaxxer.hikari.pool.HikariPool - HikariPool-11 - Added connection com.mysql.cj.jdbc.ConnectionImpl@4aa7638b
2024-05-15 09:10:19.090 [restartedMain] INFO  com.zaxxer.hikari.HikariDataSource - HikariPool-11 - Start completed.
2024-05-15 09:10:19.169 [restartedMain] INFO  o.h.e.t.j.p.i.JtaPlatformInitiator - HHH000489: No JTA platform available (set 'hibernate.transaction.jta.platform' to enable JTA platform integration)
2024-05-15 09:10:19.223 [restartedMain] INFO  o.s.o.j.LocalContainerEntityManagerFactoryBean - Initialized JPA EntityManagerFactory for persistence unit 'default'
2024-05-15 09:10:19.883 [restartedMain] INFO  o.s.b.d.a.OptionalLiveReloadServer - LiveReload server is running on port 35729
2024-05-15 09:10:19.901 [restartedMain] INFO  o.a.coyote.http11.Http11NioProtocol - Starting ProtocolHandler ["http-nio-3000"]
2024-05-15 09:10:19.914 [restartedMain] INFO  o.s.b.w.e.tomcat.TomcatWebServer - Tomcat started on port 3000 (http) with context path ''
2024-05-15 09:10:19.917 [restartedMain] INFO  c.e.p.e.EscuelasProjectApplication - Started EscuelasProjectApplication in 1.586 seconds (process running for 262.139)
2024-05-15 09:10:19.918 [restartedMain] INFO  o.s.b.d.a.ConditionEvaluationDeltaLoggingListener - Condition evaluation unchanged
2024-05-15 09:10:21.728 [File Watcher] INFO  o.s.b.d.a.LocalDevToolsAutoConfiguration$RestartingClassPathChangeChangedEventListener - Restarting due to 1 class path change (0 additions, 0 deletions, 1 modification)
2024-05-15 09:10:21.729 [Thread-43] INFO  o.a.coyote.http11.Http11NioProtocol - Stopping ProtocolHandler ["http-nio-3000"]
2024-05-15 09:10:21.736 [Thread-43] INFO  o.s.o.j.LocalContainerEntityManagerFactoryBean - Closing JPA EntityManagerFactory for persistence unit 'default'
2024-05-15 09:10:21.737 [Thread-43] INFO  com.zaxxer.hikari.HikariDataSource - HikariPool-11 - Shutdown initiated...
2024-05-15 09:10:21.741 [Thread-43] INFO  com.zaxxer.hikari.HikariDataSource - HikariPool-11 - Shutdown completed.
2024-05-15 09:10:21.811 [restartedMain] INFO  c.e.p.e.EscuelasProjectApplication - Starting EscuelasProjectApplication using Java 17.0.9 with PID 8492 (G:\Desktop\EscuelasProject\escuelas_project\target\classes started by Usuario in G:\Desktop\EscuelasProject\escuelas_project)
2024-05-15 09:10:21.811 [restartedMain] INFO  c.e.p.e.EscuelasProjectApplication - No active profile set, falling back to 1 default profile: "default"
2024-05-15 09:10:22.011 [restartedMain] INFO  o.s.d.r.c.RepositoryConfigurationDelegate - Bootstrapping Spring Data JPA repositories in DEFAULT mode.
2024-05-15 09:10:22.033 [restartedMain] INFO  o.s.d.r.c.RepositoryConfigurationDelegate - Finished Spring Data repository scanning in 20 ms. Found 5 JPA repository interfaces.
2024-05-15 09:10:22.180 [restartedMain] INFO  o.s.b.w.e.tomcat.TomcatWebServer - Tomcat initialized with port 3000 (http)
2024-05-15 09:10:22.181 [restartedMain] INFO  o.a.coyote.http11.Http11NioProtocol - Initializing ProtocolHandler ["http-nio-3000"]
2024-05-15 09:10:22.181 [restartedMain] INFO  o.a.catalina.core.StandardService - Starting service [Tomcat]
2024-05-15 09:10:22.182 [restartedMain] INFO  o.a.catalina.core.StandardEngine - Starting Servlet engine: [Apache Tomcat/10.1.20]
2024-05-15 09:10:22.221 [restartedMain] INFO  o.a.c.c.C.[Tomcat].[localhost].[/] - Initializing Spring embedded WebApplicationContext
2024-05-15 09:10:22.222 [restartedMain] INFO  o.s.b.w.s.c.ServletWebServerApplicationContext - Root WebApplicationContext: initialization completed in 410 ms
2024-05-15 09:10:22.268 [restartedMain] INFO  o.h.jpa.internal.util.LogHelper - HHH000204: Processing PersistenceUnitInfo [name: default]
2024-05-15 09:10:22.270 [restartedMain] INFO  o.h.c.i.RegionFactoryInitiator - HHH000026: Second-level cache disabled
2024-05-15 09:10:22.274 [restartedMain] INFO  o.s.o.j.p.SpringPersistenceUnitInfo - No LoadTimeWeaver setup: ignoring JPA class transformer
2024-05-15 09:10:22.275 [restartedMain] INFO  com.zaxxer.hikari.HikariDataSource - HikariPool-12 - Starting...
2024-05-15 09:10:22.286 [restartedMain] INFO  com.zaxxer.hikari.pool.HikariPool - HikariPool-12 - Added connection com.mysql.cj.jdbc.ConnectionImpl@8de4dc1
2024-05-15 09:10:22.286 [restartedMain] INFO  com.zaxxer.hikari.HikariDataSource - HikariPool-12 - Start completed.
2024-05-15 09:10:22.388 [restartedMain] INFO  o.h.e.t.j.p.i.JtaPlatformInitiator - HHH000489: No JTA platform available (set 'hibernate.transaction.jta.platform' to enable JTA platform integration)
2024-05-15 09:10:22.451 [restartedMain] INFO  o.s.o.j.LocalContainerEntityManagerFactoryBean - Initialized JPA EntityManagerFactory for persistence unit 'default'
2024-05-15 09:10:23.140 [restartedMain] INFO  o.s.b.d.a.OptionalLiveReloadServer - LiveReload server is running on port 35729
2024-05-15 09:10:23.155 [restartedMain] INFO  o.a.coyote.http11.Http11NioProtocol - Starting ProtocolHandler ["http-nio-3000"]
2024-05-15 09:10:23.159 [restartedMain] INFO  o.s.b.w.e.tomcat.TomcatWebServer - Tomcat started on port 3000 (http) with context path ''
2024-05-15 09:10:23.163 [restartedMain] INFO  c.e.p.e.EscuelasProjectApplication - Started EscuelasProjectApplication in 1.37 seconds (process running for 265.384)
2024-05-15 09:10:23.164 [restartedMain] INFO  o.s.b.d.a.ConditionEvaluationDeltaLoggingListener - Condition evaluation unchanged
2024-05-15 09:10:27.395 [http-nio-3000-exec-1] INFO  o.a.c.c.C.[Tomcat].[localhost].[/] - Initializing Spring DispatcherServlet 'dispatcherServlet'
2024-05-15 09:10:27.395 [http-nio-3000-exec-1] INFO  o.s.web.servlet.DispatcherServlet - Initializing Servlet 'dispatcherServlet'
2024-05-15 09:10:27.396 [http-nio-3000-exec-1] INFO  o.s.web.servlet.DispatcherServlet - Completed initialization in 1 ms
2024-05-15 09:10:27.401 [http-nio-3000-exec-1] INFO  c.e.p.e.aop.HttpRequestAspect - Método: EscuelaController.update(..), URL: http://localhost:3000/api/v1/escuelas/update/3, IP: 0:0:0:0:0:0:0:1, Parámetros: org.apache.catalina.util.ParameterMap@566efa2b
2024-05-15 09:10:27.404 [http-nio-3000-exec-1] INFO  c.e.p.e.aop.HttpRequestAspect - Método: EscuelaController.update(..), Respuesta: <200 OK OK,EscuelaResponseDto[id=3, nombre=test],[]>
2024-05-15 09:10:30.661 [http-nio-3000-exec-3] INFO  c.e.p.e.aop.HttpRequestAspect - Método: EscuelaController.update(..), URL: http://localhost:3000/api/v1/escuelas/update/3, IP: 0:0:0:0:0:0:0:1, Parámetros: org.apache.catalina.util.ParameterMap@3e69d97c
2024-05-15 09:10:30.663 [http-nio-3000-exec-3] INFO  c.e.p.e.aop.HttpRequestAspect - Método: EscuelaController.update(..), Respuesta: <200 OK OK,EscuelaResponseDto[id=3, nombre=test],[]>
